The system is: Linux - 4.4.0-97-generic - x86_64
Compiling the C compiler identification source file "CMakeCCompilerId.c" succeeded.
Compiler: /usr/bin/cc 
Build flags: 
Id flags: 

The output was:
0


Compilation of the C compiler identification source "CMakeCCompilerId.c" produced "a.out"

The C compiler identification is GNU, found in "/home/max/Dokumente/Computer_Grafik/OpenGLFramework/build /CMakeFiles/3.5.1/CompilerIdC/a.out"

Compiling the CXX compiler identification source file "CMakeCXXCompilerId.cpp" succeeded.
Compiler: /usr/bin/c++ 
Build flags: 
Id flags: 

The output was:
0


Compilation of the CXX compiler identification source "CMakeCXXCompilerId.cpp" produced "a.out"

The CXX compiler identification is GNU, found in "/home/max/Dokumente/Computer_Grafik/OpenGLFramework/build /CMakeFiles/3.5.1/CompilerIdCXX/a.out"

Determining if the C compiler works passed with the following output:
Change Dir: /home/max/Dokumente/Computer_Grafik/OpenGLFramework/build /CMakeFiles/CMakeTmp

Run Build Command:"/usr/bin/make" "cmTC_55607/fast"
/usr/bin/make -f CMakeFiles/cmTC_55607.dir/build.make CMakeFiles/cmTC_55607.dir/build
make[1]: Verzeichnis „/home/max/Dokumente/Computer_Grafik/OpenGLFramework/build /CMakeFiles/CMakeTmp“ wird betreten
Building C object CMakeFiles/cmTC_55607.dir/testCCompiler.c.o
/usr/bin/cc     -o CMakeFiles/cmTC_55607.dir/testCCompiler.c.o   -c "/home/max/Dokumente/Computer_Grafik/OpenGLFramework/build /CMakeFiles/CMakeTmp/testCCompiler.c"
Linking C executable cmTC_55607
/usr/bin/cmake -E cmake_link_script CMakeFiles/cmTC_55607.dir/link.txt --verbose=1
/usr/bin/cc       CMakeFiles/cmTC_55607.dir/testCCompiler.c.o  -o cmTC_55607 -rdynamic 
make[1]: Verzeichnis „/home/max/Dokumente/Computer_Grafik/OpenGLFramework/build /CMakeFiles/CMakeTmp“ wird verlassen


Detecting C compiler ABI info compiled with the following output:
Change Dir: /home/max/Dokumente/Computer_Grafik/OpenGLFramework/build /CMakeFiles/CMakeTmp

Run Build Command:"/usr/bin/make" "cmTC_c05a0/fast"
/usr/bin/make -f CMakeFiles/cmTC_c05a0.dir/build.make CMakeFiles/cmTC_c05a0.dir/build
make[1]: Verzeichnis „/home/max/Dokumente/Computer_Grafik/OpenGLFramework/build /CMakeFiles/CMakeTmp“ wird betreten
Building C object CMakeFiles/cmTC_c05a0.dir/CMakeCCompilerABI.c.o
/usr/bin/cc     -o CMakeFiles/cmTC_c05a0.dir/CMakeCCompilerABI.c.o   -c /usr/share/cmake-3.5/Modules/CMakeCCompilerABI.c
Linking C executable cmTC_c05a0
/usr/bin/cmake -E cmake_link_script CMakeFiles/cmTC_c05a0.dir/link.txt --verbose=1
/usr/bin/cc      -v CMakeFiles/cmTC_c05a0.dir/CMakeCCompilerABI.c.o  -o cmTC_c05a0 -rdynamic  
Using built-in specs.
COLLECT_GCC=/usr/bin/cc
COLLECT_LTO_WRAPPER=/usr/lib/gcc/x86_64-linux-gnu/5/lto-wrapper
Target: x86_64-linux-gnu
Configured with: ../src/configure -v --with-pkgversion='Ubuntu 5.4.0-6ubuntu1~16.04.5' --with-bugurl=file:///usr/share/doc/gcc-5/README.Bugs --enable-languages=c,ada,c++,java,go,d,fortran,objc,obj-c++ --prefix=/usr --program-suffix=-5 --enable-shared --enable-linker-build-id --libexecdir=/usr/lib --without-included-gettext --enable-threads=posix --libdir=/usr/lib --enable-nls --with-sysroot=/ --enable-clocale=gnu --enable-libstdcxx-debug --enable-libstdcxx-time=yes --with-default-libstdcxx-abi=new --enable-gnu-unique-object --disable-vtable-verify --enable-libmpx --enable-plugin --with-system-zlib --disable-browser-plugin --enable-java-awt=gtk --enable-gtk-cairo --with-java-home=/usr/lib/jvm/java-1.5.0-gcj-5-amd64/jre --enable-java-home --with-jvm-root-dir=/usr/lib/jvm/java-1.5.0-gcj-5-amd64 --with-jvm-jar-dir=/usr/lib/jvm-exports/java-1.5.0-gcj-5-amd64 --with-arch-directory=amd64 --with-ecj-jar=/usr/share/java/eclipse-ecj.jar --enable-objc-gc --enable-multiarch --disable-werror --with-arch-32=i686 --with-abi=m64 --with-multilib-list=m32,m64,mx32 --enable-multilib --with-tune=generic --enable-checking=release --build=x86_64-linux-gnu --host=x86_64-linux-gnu --target=x86_64-linux-gnu
Thread model: posix
gcc version 5.4.0 20160609 (Ubuntu 5.4.0-6ubuntu1~16.04.5) 
COMPILER_PATH=/usr/lib/gcc/x86_64-linux-gnu/5/:/usr/lib/gcc/x86_64-linux-gnu/5/:/usr/lib/gcc/x86_64-linux-gnu/:/usr/lib/gcc/x86_64-linux-gnu/5/:/usr/lib/gcc/x86_64-linux-gnu/
LIBRARY_PATH=/usr/lib/gcc/x86_64-linux-gnu/5/:/usr/lib/gcc/x86_64-linux-gnu/5/../../../x86_64-linux-gnu/:/usr/lib/gcc/x86_64-linux-gnu/5/../../../../lib/:/lib/x86_64-linux-gnu/:/lib/../lib/:/usr/lib/x86_64-linux-gnu/:/usr/lib/../lib/:/usr/lib/gcc/x86_64-linux-gnu/5/../../../:/lib/:/usr/lib/
COLLECT_GCC_OPTIONS='-v' '-o' 'cmTC_c05a0' '-rdynamic' '-mtune=generic' '-march=x86-64'
 /usr/lib/gcc/x86_64-linux-gnu/5/collect2 -plugin /usr/lib/gcc/x86_64-linux-gnu/5/liblto_plugin.so -plugin-opt=/usr/lib/gcc/x86_64-linux-gnu/5/lto-wrapper -plugin-opt=-fresolution=/tmp/ccDLhcLu.res -plugin-opt=-pass-through=-lgcc -plugin-opt=-pass-through=-lgcc_s -plugin-opt=-pass-through=-lc -plugin-opt=-pass-through=-lgcc -plugin-opt=-pass-through=-lgcc_s --sysroot=/ --build-id --eh-frame-hdr -m elf_x86_64 --hash-style=gnu --as-needed -export-dynamic -dynamic-linker /lib64/ld-linux-x86-64.so.2 -z relro -o cmTC_c05a0 /usr/lib/gcc/x86_64-linux-gnu/5/../../../x86_64-linux-gnu/crt1.o /usr/lib/gcc/x86_64-linux-gnu/5/../../../x86_64-linux-gnu/crti.o /usr/lib/gcc/x86_64-linux-gnu/5/crtbegin.o -L/usr/lib/gcc/x86_64-linux-gnu/5 -L/usr/lib/gcc/x86_64-linux-gnu/5/../../../x86_64-linux-gnu -L/usr/lib/gcc/x86_64-linux-gnu/5/../../../../lib -L/lib/x86_64-linux-gnu -L/lib/../lib -L/usr/lib/x86_64-linux-gnu -L/usr/lib/../lib -L/usr/lib/gcc/x86_64-linux-gnu/5/../../.. CMakeFiles/cmTC_c05a0.dir/CMakeCCompilerABI.c.o -lgcc --as-needed -lgcc_s --no-as-needed -lc -lgcc --as-needed -lgcc_s --no-as-needed /usr/lib/gcc/x86_64-linux-gnu/5/crtend.o /usr/lib/gcc/x86_64-linux-gnu/5/../../../x86_64-linux-gnu/crtn.o
make[1]: Verzeichnis „/home/max/Dokumente/Computer_Grafik/OpenGLFramework/build /CMakeFiles/CMakeTmp“ wird verlassen


Parsed C implicit link information from above output:
  link line regex: [^( *|.*[/\])(ld|([^/\]+-)?ld|collect2)[^/\]*( |$)]
  ignore line: [Change Dir: /home/max/Dokumente/Computer_Grafik/OpenGLFramework/build /CMakeFiles/CMakeTmp]
  ignore line: []
  ignore line: [Run Build Command:"/usr/bin/make" "cmTC_c05a0/fast"]
  ignore line: [/usr/bin/make -f CMakeFiles/cmTC_c05a0.dir/build.make CMakeFiles/cmTC_c05a0.dir/build]
  ignore line: [make[1]: Verzeichnis „/home/max/Dokumente/Computer_Grafik/OpenGLFramework/build /CMakeFiles/CMakeTmp“ wird betreten]
  ignore line: [Building C object CMakeFiles/cmTC_c05a0.dir/CMakeCCompilerABI.c.o]
  ignore line: [/usr/bin/cc     -o CMakeFiles/cmTC_c05a0.dir/CMakeCCompilerABI.c.o   -c /usr/share/cmake-3.5/Modules/CMakeCCompilerABI.c]
  ignore line: [Linking C executable cmTC_c05a0]
  ignore line: [/usr/bin/cmake -E cmake_link_script CMakeFiles/cmTC_c05a0.dir/link.txt --verbose=1]
  ignore line: [/usr/bin/cc      -v CMakeFiles/cmTC_c05a0.dir/CMakeCCompilerABI.c.o  -o cmTC_c05a0 -rdynamic  ]
  ignore line: [Using built-in specs.]
  ignore line: [COLLECT_GCC=/usr/bin/cc]
  ignore line: [COLLECT_LTO_WRAPPER=/usr/lib/gcc/x86_64-linux-gnu/5/lto-wrapper]
  ignore line: [Target: x86_64-linux-gnu]
  ignore line: [Configured with: ../src/configure -v --with-pkgversion='Ubuntu 5.4.0-6ubuntu1~16.04.5' --with-bugurl=file:///usr/share/doc/gcc-5/README.Bugs --enable-languages=c,ada,c++,java,go,d,fortran,objc,obj-c++ --prefix=/usr --program-suffix=-5 --enable-shared --enable-linker-build-id --libexecdir=/usr/lib --without-included-gettext --enable-threads=posix --libdir=/usr/lib --enable-nls --with-sysroot=/ --enable-clocale=gnu --enable-libstdcxx-debug --enable-libstdcxx-time=yes --with-default-libstdcxx-abi=new --enable-gnu-unique-object --disable-vtable-verify --enable-libmpx --enable-plugin --with-system-zlib --disable-browser-plugin --enable-java-awt=gtk --enable-gtk-cairo --with-java-home=/usr/lib/jvm/java-1.5.0-gcj-5-amd64/jre --enable-java-home --with-jvm-root-dir=/usr/lib/jvm/java-1.5.0-gcj-5-amd64 --with-jvm-jar-dir=/usr/lib/jvm-exports/java-1.5.0-gcj-5-amd64 --with-arch-directory=amd64 --with-ecj-jar=/usr/share/java/eclipse-ecj.jar --enable-objc-gc --enable-multiarch --disable-werror --with-arch-32=i686 --with-abi=m64 --with-multilib-list=m32,m64,mx32 --enable-multilib --with-tune=generic --enable-checking=release --build=x86_64-linux-gnu --host=x86_64-linux-gnu --target=x86_64-linux-gnu]
  ignore line: [Thread model: posix]
  ignore line: [gcc version 5.4.0 20160609 (Ubuntu 5.4.0-6ubuntu1~16.04.5) ]
  ignore line: [COMPILER_PATH=/usr/lib/gcc/x86_64-linux-gnu/5/:/usr/lib/gcc/x86_64-linux-gnu/5/:/usr/lib/gcc/x86_64-linux-gnu/:/usr/lib/gcc/x86_64-linux-gnu/5/:/usr/lib/gcc/x86_64-linux-gnu/]
  ignore line: [LIBRARY_PATH=/usr/lib/gcc/x86_64-linux-gnu/5/:/usr/lib/gcc/x86_64-linux-gnu/5/../../../x86_64-linux-gnu/:/usr/lib/gcc/x86_64-linux-gnu/5/../../../../lib/:/lib/x86_64-linux-gnu/:/lib/../lib/:/usr/lib/x86_64-linux-gnu/:/usr/lib/../lib/:/usr/lib/gcc/x86_64-linux-gnu/5/../../../:/lib/:/usr/lib/]
  ignore line: [COLLECT_GCC_OPTIONS='-v' '-o' 'cmTC_c05a0' '-rdynamic' '-mtune=generic' '-march=x86-64']
  link line: [ /usr/lib/gcc/x86_64-linux-gnu/5/collect2 -plugin /usr/lib/gcc/x86_64-linux-gnu/5/liblto_plugin.so -plugin-opt=/usr/lib/gcc/x86_64-linux-gnu/5/lto-wrapper -plugin-opt=-fresolution=/tmp/ccDLhcLu.res -plugin-opt=-pass-through=-lgcc -plugin-opt=-pass-through=-lgcc_s -plugin-opt=-pass-through=-lc -plugin-opt=-pass-through=-lgcc -plugin-opt=-pass-through=-lgcc_s --sysroot=/ --build-id --eh-frame-hdr -m elf_x86_64 --hash-style=gnu --as-needed -export-dynamic -dynamic-linker /lib64/ld-linux-x86-64.so.2 -z relro -o cmTC_c05a0 /usr/lib/gcc/x86_64-linux-gnu/5/../../../x86_64-linux-gnu/crt1.o /usr/lib/gcc/x86_64-linux-gnu/5/../../../x86_64-linux-gnu/crti.o /usr/lib/gcc/x86_64-linux-gnu/5/crtbegin.o -L/usr/lib/gcc/x86_64-linux-gnu/5 -L/usr/lib/gcc/x86_64-linux-gnu/5/../../../x86_64-linux-gnu -L/usr/lib/gcc/x86_64-linux-gnu/5/../../../../lib -L/lib/x86_64-linux-gnu -L/lib/../lib -L/usr/lib/x86_64-linux-gnu -L/usr/lib/../lib -L/usr/lib/gcc/x86_64-linux-gnu/5/../../.. CMakeFiles/cmTC_c05a0.dir/CMakeCCompilerABI.c.o -lgcc --as-needed -lgcc_s --no-as-needed -lc -lgcc --as-needed -lgcc_s --no-as-needed /usr/lib/gcc/x86_64-linux-gnu/5/crtend.o /usr/lib/gcc/x86_64-linux-gnu/5/../../../x86_64-linux-gnu/crtn.o]
    arg [/usr/lib/gcc/x86_64-linux-gnu/5/collect2] ==> ignore
    arg [-plugin] ==> ignore
    arg [/usr/lib/gcc/x86_64-linux-gnu/5/liblto_plugin.so] ==> ignore
    arg [-plugin-opt=/usr/lib/gcc/x86_64-linux-gnu/5/lto-wrapper] ==> ignore
    arg [-plugin-opt=-fresolution=/tmp/ccDLhcLu.res] ==> ignore
    arg [-plugin-opt=-pass-through=-lgcc] ==> ignore
    arg [-plugin-opt=-pass-through=-lgcc_s] ==> ignore
    arg [-plugin-opt=-pass-through=-lc] ==> ignore
    arg [-plugin-opt=-pass-through=-lgcc] ==> ignore
    arg [-plugin-opt=-pass-through=-lgcc_s] ==> ignore
    arg [--sysroot=/] ==> ignore
    arg [--build-id] ==> ignore
    arg [--eh-frame-hdr] ==> ignore
    arg [-m] ==> ignore
    arg [elf_x86_64] ==> ignore
    arg [--hash-style=gnu] ==> ignore
    arg [--as-needed] ==> ignore
    arg [-export-dynamic] ==> ignore
    arg [-dynamic-linker] ==> ignore
    arg [/lib64/ld-linux-x86-64.so.2] ==> ignore
    arg [-zrelro] ==> ignore
    arg [-o] ==> ignore
    arg [cmTC_c05a0] ==> ignore
    arg [/usr/lib/gcc/x86_64-linux-gnu/5/../../../x86_64-linux-gnu/crt1.o] ==> ignore
    arg [/usr/lib/gcc/x86_64-linux-gnu/5/../../../x86_64-linux-gnu/crti.o] ==> ignore
    arg [/usr/lib/gcc/x86_64-linux-gnu/5/crtbegin.o] ==> ignore
    arg [-L/usr/lib/gcc/x86_64-linux-gnu/5] ==> dir [/usr/lib/gcc/x86_64-linux-gnu/5]
    arg [-L/usr/lib/gcc/x86_64-linux-gnu/5/../../../x86_64-linux-gnu] ==> dir [/usr/lib/gcc/x86_64-linux-gnu/5/../../../x86_64-linux-gnu]
    arg [-L/usr/lib/gcc/x86_64-linux-gnu/5/../../../../lib] ==> dir [/usr/lib/gcc/x86_64-linux-gnu/5/../../../../lib]
    arg [-L/lib/x86_64-linux-gnu] ==> dir [/lib/x86_64-linux-gnu]
    arg [-L/lib/../lib] ==> dir [/lib/../lib]
    arg [-L/usr/lib/x86_64-linux-gnu] ==> dir [/usr/lib/x86_64-linux-gnu]
    arg [-L/usr/lib/../lib] ==> dir [/usr/lib/../lib]
    arg [-L/usr/lib/gcc/x86_64-linux-gnu/5/../../..] ==> dir [/usr/lib/gcc/x86_64-linux-gnu/5/../../..]
    arg [CMakeFiles/cmTC_c05a0.dir/CMakeCCompilerABI.c.o] ==> ignore
    arg [-lgcc] ==> lib [gcc]
    arg [--as-needed] ==> ignore
    arg [-lgcc_s] ==> lib [gcc_s]
    arg [--no-as-needed] ==> ignore
    arg [-lc] ==> lib [c]
    arg [-lgcc] ==> lib [gcc]
    arg [--as-needed] ==> ignore
    arg [-lgcc_s] ==> lib [gcc_s]
    arg [--no-as-needed] ==> ignore
    arg [/usr/lib/gcc/x86_64-linux-gnu/5/crtend.o] ==> ignore
    arg [/usr/lib/gcc/x86_64-linux-gnu/5/../../../x86_64-linux-gnu/crtn.o] ==> ignore
  remove lib [gcc]
  remove lib [gcc_s]
  remove lib [gcc]
  remove lib [gcc_s]
  collapse library dir [/usr/lib/gcc/x86_64-linux-gnu/5] ==> [/usr/lib/gcc/x86_64-linux-gnu/5]
  collapse library dir [/usr/lib/gcc/x86_64-linux-gnu/5/../../../x86_64-linux-gnu] ==> [/usr/lib/x86_64-linux-gnu]
  collapse library dir [/usr/lib/gcc/x86_64-linux-gnu/5/../../../../lib] ==> [/usr/lib]
  collapse library dir [/lib/x86_64-linux-gnu] ==> [/lib/x86_64-linux-gnu]
  collapse library dir [/lib/../lib] ==> [/lib]
  collapse library dir [/usr/lib/x86_64-linux-gnu] ==> [/usr/lib/x86_64-linux-gnu]
  collapse library dir [/usr/lib/../lib] ==> [/usr/lib]
  collapse library dir [/usr/lib/gcc/x86_64-linux-gnu/5/../../..] ==> [/usr/lib]
  implicit libs: [c]
  implicit dirs: [/usr/lib/gcc/x86_64-linux-gnu/5;/usr/lib/x86_64-linux-gnu;/usr/lib;/lib/x86_64-linux-gnu;/lib]
  implicit fwks: []




Detecting C [-std=c11] compiler features compiled with the following output:
Change Dir: /home/max/Dokumente/Computer_Grafik/OpenGLFramework/build /CMakeFiles/CMakeTmp

Run Build Command:"/usr/bin/make" "cmTC_cec6e/fast"
/usr/bin/make -f CMakeFiles/cmTC_cec6e.dir/build.make CMakeFiles/cmTC_cec6e.dir/build
make[1]: Verzeichnis „/home/max/Dokumente/Computer_Grafik/OpenGLFramework/build /CMakeFiles/CMakeTmp“ wird betreten
Building C object CMakeFiles/cmTC_cec6e.dir/feature_tests.c.o
/usr/bin/cc    -std=c11 -o CMakeFiles/cmTC_cec6e.dir/feature_tests.c.o   -c "/home/max/Dokumente/Computer_Grafik/OpenGLFramework/build /CMakeFiles/feature_tests.c"
Linking C executable cmTC_cec6e
/usr/bin/cmake -E cmake_link_script CMakeFiles/cmTC_cec6e.dir/link.txt --verbose=1
/usr/bin/cc       CMakeFiles/cmTC_cec6e.dir/feature_tests.c.o  -o cmTC_cec6e -rdynamic 
make[1]: Verzeichnis „/home/max/Dokumente/Computer_Grafik/OpenGLFramework/build /CMakeFiles/CMakeTmp“ wird verlassen


    Feature record: C_FEATURE:1c_function_prototypes
    Feature record: C_FEATURE:1c_restrict
    Feature record: C_FEATURE:1c_static_assert
    Feature record: C_FEATURE:1c_variadic_macros


Detecting C [-std=c99] compiler features compiled with the following output:
Change Dir: /home/max/Dokumente/Computer_Grafik/OpenGLFramework/build /CMakeFiles/CMakeTmp

Run Build Command:"/usr/bin/make" "cmTC_1450a/fast"
/usr/bin/make -f CMakeFiles/cmTC_1450a.dir/build.make CMakeFiles/cmTC_1450a.dir/build
make[1]: Verzeichnis „/home/max/Dokumente/Computer_Grafik/OpenGLFramework/build /CMakeFiles/CMakeTmp“ wird betreten
Building C object CMakeFiles/cmTC_1450a.dir/feature_tests.c.o
/usr/bin/cc    -std=c99 -o CMakeFiles/cmTC_1450a.dir/feature_tests.c.o   -c "/home/max/Dokumente/Computer_Grafik/OpenGLFramework/build /CMakeFiles/feature_tests.c"
Linking C executable cmTC_1450a
/usr/bin/cmake -E cmake_link_script CMakeFiles/cmTC_1450a.dir/link.txt --verbose=1
/usr/bin/cc       CMakeFiles/cmTC_1450a.dir/feature_tests.c.o  -o cmTC_1450a -rdynamic 
make[1]: Verzeichnis „/home/max/Dokumente/Computer_Grafik/OpenGLFramework/build /CMakeFiles/CMakeTmp“ wird verlassen


    Feature record: C_FEATURE:1c_function_prototypes
    Feature record: C_FEATURE:1c_restrict
    Feature record: C_FEATURE:0c_static_assert
    Feature record: C_FEATURE:1c_variadic_macros


Detecting C [-std=c90] compiler features compiled with the following output:
Change Dir: /home/max/Dokumente/Computer_Grafik/OpenGLFramework/build /CMakeFiles/CMakeTmp

Run Build Command:"/usr/bin/make" "cmTC_76211/fast"
/usr/bin/make -f CMakeFiles/cmTC_76211.dir/build.make CMakeFiles/cmTC_76211.dir/build
make[1]: Verzeichnis „/home/max/Dokumente/Computer_Grafik/OpenGLFramework/build /CMakeFiles/CMakeTmp“ wird betreten
Building C object CMakeFiles/cmTC_76211.dir/feature_tests.c.o
/usr/bin/cc    -std=c90 -o CMakeFiles/cmTC_76211.dir/feature_tests.c.o   -c "/home/max/Dokumente/Computer_Grafik/OpenGLFramework/build /CMakeFiles/feature_tests.c"
Linking C executable cmTC_76211
/usr/bin/cmake -E cmake_link_script CMakeFiles/cmTC_76211.dir/link.txt --verbose=1
/usr/bin/cc       CMakeFiles/cmTC_76211.dir/feature_tests.c.o  -o cmTC_76211 -rdynamic 
make[1]: Verzeichnis „/home/max/Dokumente/Computer_Grafik/OpenGLFramework/build /CMakeFiles/CMakeTmp“ wird verlassen


    Feature record: C_FEATURE:1c_function_prototypes
    Feature record: C_FEATURE:0c_restrict
    Feature record: C_FEATURE:0c_static_assert
    Feature record: C_FEATURE:0c_variadic_macros
Determining if the CXX compiler works passed with the following output:
Change Dir: /home/max/Dokumente/Computer_Grafik/OpenGLFramework/build /CMakeFiles/CMakeTmp

Run Build Command:"/usr/bin/make" "cmTC_c8360/fast"
/usr/bin/make -f CMakeFiles/cmTC_c8360.dir/build.make CMakeFiles/cmTC_c8360.dir/build
make[1]: Verzeichnis „/home/max/Dokumente/Computer_Grafik/OpenGLFramework/build /CMakeFiles/CMakeTmp“ wird betreten
Building CXX object CMakeFiles/cmTC_c8360.dir/testCXXCompiler.cxx.o
/usr/bin/c++      -o CMakeFiles/cmTC_c8360.dir/testCXXCompiler.cxx.o -c "/home/max/Dokumente/Computer_Grafik/OpenGLFramework/build /CMakeFiles/CMakeTmp/testCXXCompiler.cxx"
Linking CXX executable cmTC_c8360
/usr/bin/cmake -E cmake_link_script CMakeFiles/cmTC_c8360.dir/link.txt --verbose=1
/usr/bin/c++        CMakeFiles/cmTC_c8360.dir/testCXXCompiler.cxx.o  -o cmTC_c8360 -rdynamic 
make[1]: Verzeichnis „/home/max/Dokumente/Computer_Grafik/OpenGLFramework/build /CMakeFiles/CMakeTmp“ wird verlassen


Detecting CXX compiler ABI info compiled with the following output:
Change Dir: /home/max/Dokumente/Computer_Grafik/OpenGLFramework/build /CMakeFiles/CMakeTmp

Run Build Command:"/usr/bin/make" "cmTC_9d4d4/fast"
/usr/bin/make -f CMakeFiles/cmTC_9d4d4.dir/build.make CMakeFiles/cmTC_9d4d4.dir/build
make[1]: Verzeichnis „/home/max/Dokumente/Computer_Grafik/OpenGLFramework/build /CMakeFiles/CMakeTmp“ wird betreten
Building CXX object CMakeFiles/cmTC_9d4d4.dir/CMakeCXXCompilerABI.cpp.o
/usr/bin/c++      -o CMakeFiles/cmTC_9d4d4.dir/CMakeCXXCompilerABI.cpp.o -c /usr/share/cmake-3.5/Modules/CMakeCXXCompilerABI.cpp
Linking CXX executable cmTC_9d4d4
/usr/bin/cmake -E cmake_link_script CMakeFiles/cmTC_9d4d4.dir/link.txt --verbose=1
/usr/bin/c++       -v CMakeFiles/cmTC_9d4d4.dir/CMakeCXXCompilerABI.cpp.o  -o cmTC_9d4d4 -rdynamic  
Using built-in specs.
COLLECT_GCC=/usr/bin/c++
COLLECT_LTO_WRAPPER=/usr/lib/gcc/x86_64-linux-gnu/5/lto-wrapper
Target: x86_64-linux-gnu
Configured with: ../src/configure -v --with-pkgversion='Ubuntu 5.4.0-6ubuntu1~16.04.5' --with-bugurl=file:///usr/share/doc/gcc-5/README.Bugs --enable-languages=c,ada,c++,java,go,d,fortran,objc,obj-c++ --prefix=/usr --program-suffix=-5 --enable-shared --enable-linker-build-id --libexecdir=/usr/lib --without-included-gettext --enable-threads=posix --libdir=/usr/lib --enable-nls --with-sysroot=/ --enable-clocale=gnu --enable-libstdcxx-debug --enable-libstdcxx-time=yes --with-default-libstdcxx-abi=new --enable-gnu-unique-object --disable-vtable-verify --enable-libmpx --enable-plugin --with-system-zlib --disable-browser-plugin --enable-java-awt=gtk --enable-gtk-cairo --with-java-home=/usr/lib/jvm/java-1.5.0-gcj-5-amd64/jre --enable-java-home --with-jvm-root-dir=/usr/lib/jvm/java-1.5.0-gcj-5-amd64 --with-jvm-jar-dir=/usr/lib/jvm-exports/java-1.5.0-gcj-5-amd64 --with-arch-directory=amd64 --with-ecj-jar=/usr/share/java/eclipse-ecj.jar --enable-objc-gc --enable-multiarch --disable-werror --with-arch-32=i686 --with-abi=m64 --with-multilib-list=m32,m64,mx32 --enable-multilib --with-tune=generic --enable-checking=release --build=x86_64-linux-gnu --host=x86_64-linux-gnu --target=x86_64-linux-gnu
Thread model: posix
gcc version 5.4.0 20160609 (Ubuntu 5.4.0-6ubuntu1~16.04.5) 
COMPILER_PATH=/usr/lib/gcc/x86_64-linux-gnu/5/:/usr/lib/gcc/x86_64-linux-gnu/5/:/usr/lib/gcc/x86_64-linux-gnu/:/usr/lib/gcc/x86_64-linux-gnu/5/:/usr/lib/gcc/x86_64-linux-gnu/
LIBRARY_PATH=/usr/lib/gcc/x86_64-linux-gnu/5/:/usr/lib/gcc/x86_64-linux-gnu/5/../../../x86_64-linux-gnu/:/usr/lib/gcc/x86_64-linux-gnu/5/../../../../lib/:/lib/x86_64-linux-gnu/:/lib/../lib/:/usr/lib/x86_64-linux-gnu/:/usr/lib/../lib/:/usr/lib/gcc/x86_64-linux-gnu/5/../../../:/lib/:/usr/lib/
COLLECT_GCC_OPTIONS='-v' '-o' 'cmTC_9d4d4' '-rdynamic' '-shared-libgcc' '-mtune=generic' '-march=x86-64'
 /usr/lib/gcc/x86_64-linux-gnu/5/collect2 -plugin /usr/lib/gcc/x86_64-linux-gnu/5/liblto_plugin.so -plugin-opt=/usr/lib/gcc/x86_64-linux-gnu/5/lto-wrapper -plugin-opt=-fresolution=/tmp/ccasTVZS.res -plugin-opt=-pass-through=-lgcc_s -plugin-opt=-pass-through=-lgcc -plugin-opt=-pass-through=-lc -plugin-opt=-pass-through=-lgcc_s -plugin-opt=-pass-through=-lgcc --sysroot=/ --build-id --eh-frame-hdr -m elf_x86_64 --hash-style=gnu --as-needed -export-dynamic -dynamic-linker /lib64/ld-linux-x86-64.so.2 -z relro -o cmTC_9d4d4 /usr/lib/gcc/x86_64-linux-gnu/5/../../../x86_64-linux-gnu/crt1.o /usr/lib/gcc/x86_64-linux-gnu/5/../../../x86_64-linux-gnu/crti.o /usr/lib/gcc/x86_64-linux-gnu/5/crtbegin.o -L/usr/lib/gcc/x86_64-linux-gnu/5 -L/usr/lib/gcc/x86_64-linux-gnu/5/../../../x86_64-linux-gnu -L/usr/lib/gcc/x86_64-linux-gnu/5/../../../../lib -L/lib/x86_64-linux-gnu -L/lib/../lib -L/usr/lib/x86_64-linux-gnu -L/usr/lib/../lib -L/usr/lib/gcc/x86_64-linux-gnu/5/../../.. CMakeFiles/cmTC_9d4d4.dir/CMakeCXXCompilerABI.cpp.o -lstdc++ -lm -lgcc_s -lgcc -lc -lgcc_s -lgcc /usr/lib/gcc/x86_64-linux-gnu/5/crtend.o /usr/lib/gcc/x86_64-linux-gnu/5/../../../x86_64-linux-gnu/crtn.o
make[1]: Verzeichnis „/home/max/Dokumente/Computer_Grafik/OpenGLFramework/build /CMakeFiles/CMakeTmp“ wird verlassen


Parsed CXX implicit link information from above output:
  link line regex: [^( *|.*[/\])(ld|([^/\]+-)?ld|collect2)[^/\]*( |$)]
  ignore line: [Change Dir: /home/max/Dokumente/Computer_Grafik/OpenGLFramework/build /CMakeFiles/CMakeTmp]
  ignore line: []
  ignore line: [Run Build Command:"/usr/bin/make" "cmTC_9d4d4/fast"]
  ignore line: [/usr/bin/make -f CMakeFiles/cmTC_9d4d4.dir/build.make CMakeFiles/cmTC_9d4d4.dir/build]
  ignore line: [make[1]: Verzeichnis „/home/max/Dokumente/Computer_Grafik/OpenGLFramework/build /CMakeFiles/CMakeTmp“ wird betreten]
  ignore line: [Building CXX object CMakeFiles/cmTC_9d4d4.dir/CMakeCXXCompilerABI.cpp.o]
  ignore line: [/usr/bin/c++      -o CMakeFiles/cmTC_9d4d4.dir/CMakeCXXCompilerABI.cpp.o -c /usr/share/cmake-3.5/Modules/CMakeCXXCompilerABI.cpp]
  ignore line: [Linking CXX executable cmTC_9d4d4]
  ignore line: [/usr/bin/cmake -E cmake_link_script CMakeFiles/cmTC_9d4d4.dir/link.txt --verbose=1]
  ignore line: [/usr/bin/c++       -v CMakeFiles/cmTC_9d4d4.dir/CMakeCXXCompilerABI.cpp.o  -o cmTC_9d4d4 -rdynamic  ]
  ignore line: [Using built-in specs.]
  ignore line: [COLLECT_GCC=/usr/bin/c++]
  ignore line: [COLLECT_LTO_WRAPPER=/usr/lib/gcc/x86_64-linux-gnu/5/lto-wrapper]
  ignore line: [Target: x86_64-linux-gnu]
  ignore line: [Configured with: ../src/configure -v --with-pkgversion='Ubuntu 5.4.0-6ubuntu1~16.04.5' --with-bugurl=file:///usr/share/doc/gcc-5/README.Bugs --enable-languages=c,ada,c++,java,go,d,fortran,objc,obj-c++ --prefix=/usr --program-suffix=-5 --enable-shared --enable-linker-build-id --libexecdir=/usr/lib --without-included-gettext --enable-threads=posix --libdir=/usr/lib --enable-nls --with-sysroot=/ --enable-clocale=gnu --enable-libstdcxx-debug --enable-libstdcxx-time=yes --with-default-libstdcxx-abi=new --enable-gnu-unique-object --disable-vtable-verify --enable-libmpx --enable-plugin --with-system-zlib --disable-browser-plugin --enable-java-awt=gtk --enable-gtk-cairo --with-java-home=/usr/lib/jvm/java-1.5.0-gcj-5-amd64/jre --enable-java-home --with-jvm-root-dir=/usr/lib/jvm/java-1.5.0-gcj-5-amd64 --with-jvm-jar-dir=/usr/lib/jvm-exports/java-1.5.0-gcj-5-amd64 --with-arch-directory=amd64 --with-ecj-jar=/usr/share/java/eclipse-ecj.jar --enable-objc-gc --enable-multiarch --disable-werror --with-arch-32=i686 --with-abi=m64 --with-multilib-list=m32,m64,mx32 --enable-multilib --with-tune=generic --enable-checking=release --build=x86_64-linux-gnu --host=x86_64-linux-gnu --target=x86_64-linux-gnu]
  ignore line: [Thread model: posix]
  ignore line: [gcc version 5.4.0 20160609 (Ubuntu 5.4.0-6ubuntu1~16.04.5) ]
  ignore line: [COMPILER_PATH=/usr/lib/gcc/x86_64-linux-gnu/5/:/usr/lib/gcc/x86_64-linux-gnu/5/:/usr/lib/gcc/x86_64-linux-gnu/:/usr/lib/gcc/x86_64-linux-gnu/5/:/usr/lib/gcc/x86_64-linux-gnu/]
  ignore line: [LIBRARY_PATH=/usr/lib/gcc/x86_64-linux-gnu/5/:/usr/lib/gcc/x86_64-linux-gnu/5/../../../x86_64-linux-gnu/:/usr/lib/gcc/x86_64-linux-gnu/5/../../../../lib/:/lib/x86_64-linux-gnu/:/lib/../lib/:/usr/lib/x86_64-linux-gnu/:/usr/lib/../lib/:/usr/lib/gcc/x86_64-linux-gnu/5/../../../:/lib/:/usr/lib/]
  ignore line: [COLLECT_GCC_OPTIONS='-v' '-o' 'cmTC_9d4d4' '-rdynamic' '-shared-libgcc' '-mtune=generic' '-march=x86-64']
  link line: [ /usr/lib/gcc/x86_64-linux-gnu/5/collect2 -plugin /usr/lib/gcc/x86_64-linux-gnu/5/liblto_plugin.so -plugin-opt=/usr/lib/gcc/x86_64-linux-gnu/5/lto-wrapper -plugin-opt=-fresolution=/tmp/ccasTVZS.res -plugin-opt=-pass-through=-lgcc_s -plugin-opt=-pass-through=-lgcc -plugin-opt=-pass-through=-lc -plugin-opt=-pass-through=-lgcc_s -plugin-opt=-pass-through=-lgcc --sysroot=/ --build-id --eh-frame-hdr -m elf_x86_64 --hash-style=gnu --as-needed -export-dynamic -dynamic-linker /lib64/ld-linux-x86-64.so.2 -z relro -o cmTC_9d4d4 /usr/lib/gcc/x86_64-linux-gnu/5/../../../x86_64-linux-gnu/crt1.o /usr/lib/gcc/x86_64-linux-gnu/5/../../../x86_64-linux-gnu/crti.o /usr/lib/gcc/x86_64-linux-gnu/5/crtbegin.o -L/usr/lib/gcc/x86_64-linux-gnu/5 -L/usr/lib/gcc/x86_64-linux-gnu/5/../../../x86_64-linux-gnu -L/usr/lib/gcc/x86_64-linux-gnu/5/../../../../lib -L/lib/x86_64-linux-gnu -L/lib/../lib -L/usr/lib/x86_64-linux-gnu -L/usr/lib/../lib -L/usr/lib/gcc/x86_64-linux-gnu/5/../../.. CMakeFiles/cmTC_9d4d4.dir/CMakeCXXCompilerABI.cpp.o -lstdc++ -lm -lgcc_s -lgcc -lc -lgcc_s -lgcc /usr/lib/gcc/x86_64-linux-gnu/5/crtend.o /usr/lib/gcc/x86_64-linux-gnu/5/../../../x86_64-linux-gnu/crtn.o]
    arg [/usr/lib/gcc/x86_64-linux-gnu/5/collect2] ==> ignore
    arg [-plugin] ==> ignore
    arg [/usr/lib/gcc/x86_64-linux-gnu/5/liblto_plugin.so] ==> ignore
    arg [-plugin-opt=/usr/lib/gcc/x86_64-linux-gnu/5/lto-wrapper] ==> ignore
    arg [-plugin-opt=-fresolution=/tmp/ccasTVZS.res] ==> ignore
    arg [-plugin-opt=-pass-through=-lgcc_s] ==> ignore
    arg [-plugin-opt=-pass-through=-lgcc] ==> ignore
    arg [-plugin-opt=-pass-through=-lc] ==> ignore
    arg [-plugin-opt=-pass-through=-lgcc_s] ==> ignore
    arg [-plugin-opt=-pass-through=-lgcc] ==> ignore
    arg [--sysroot=/] ==> ignore
    arg [--build-id] ==> ignore
    arg [--eh-frame-hdr] ==> ignore
    arg [-m] ==> ignore
    arg [elf_x86_64] ==> ignore
    arg [--hash-style=gnu] ==> ignore
    arg [--as-needed] ==> ignore
    arg [-export-dynamic] ==> ignore
    arg [-dynamic-linker] ==> ignore
    arg [/lib64/ld-linux-x86-64.so.2] ==> ignore
    arg [-zrelro] ==> ignore
    arg [-o] ==> ignore
    arg [cmTC_9d4d4] ==> ignore
    arg [/usr/lib/gcc/x86_64-linux-gnu/5/../../../x86_64-linux-gnu/crt1.o] ==> ignore
    arg [/usr/lib/gcc/x86_64-linux-gnu/5/../../../x86_64-linux-gnu/crti.o] ==> ignore
    arg [/usr/lib/gcc/x86_64-linux-gnu/5/crtbegin.o] ==> ignore
    arg [-L/usr/lib/gcc/x86_64-linux-gnu/5] ==> dir [/usr/lib/gcc/x86_64-linux-gnu/5]
    arg [-L/usr/lib/gcc/x86_64-linux-gnu/5/../../../x86_64-linux-gnu] ==> dir [/usr/lib/gcc/x86_64-linux-gnu/5/../../../x86_64-linux-gnu]
    arg [-L/usr/lib/gcc/x86_64-linux-gnu/5/../../../../lib] ==> dir [/usr/lib/gcc/x86_64-linux-gnu/5/../../../../lib]
    arg [-L/lib/x86_64-linux-gnu] ==> dir [/lib/x86_64-linux-gnu]
    arg [-L/lib/../lib] ==> dir [/lib/../lib]
    arg [-L/usr/lib/x86_64-linux-gnu] ==> dir [/usr/lib/x86_64-linux-gnu]
    arg [-L/usr/lib/../lib] ==> dir [/usr/lib/../lib]
    arg [-L/usr/lib/gcc/x86_64-linux-gnu/5/../../..] ==> dir [/usr/lib/gcc/x86_64-linux-gnu/5/../../..]
    arg [CMakeFiles/cmTC_9d4d4.dir/CMakeCXXCompilerABI.cpp.o] ==> ignore
    arg [-lstdc++] ==> lib [stdc++]
    arg [-lm] ==> lib [m]
    arg [-lgcc_s] ==> lib [gcc_s]
    arg [-lgcc] ==> lib [gcc]
    arg [-lc] ==> lib [c]
    arg [-lgcc_s] ==> lib [gcc_s]
    arg [-lgcc] ==> lib [gcc]
    arg [/usr/lib/gcc/x86_64-linux-gnu/5/crtend.o] ==> ignore
    arg [/usr/lib/gcc/x86_64-linux-gnu/5/../../../x86_64-linux-gnu/crtn.o] ==> ignore
  remove lib [gcc_s]
  remove lib [gcc]
  remove lib [gcc_s]
  remove lib [gcc]
  collapse library dir [/usr/lib/gcc/x86_64-linux-gnu/5] ==> [/usr/lib/gcc/x86_64-linux-gnu/5]
  collapse library dir [/usr/lib/gcc/x86_64-linux-gnu/5/../../../x86_64-linux-gnu] ==> [/usr/lib/x86_64-linux-gnu]
  collapse library dir [/usr/lib/gcc/x86_64-linux-gnu/5/../../../../lib] ==> [/usr/lib]
  collapse library dir [/lib/x86_64-linux-gnu] ==> [/lib/x86_64-linux-gnu]
  collapse library dir [/lib/../lib] ==> [/lib]
  collapse library dir [/usr/lib/x86_64-linux-gnu] ==> [/usr/lib/x86_64-linux-gnu]
  collapse library dir [/usr/lib/../lib] ==> [/usr/lib]
  collapse library dir [/usr/lib/gcc/x86_64-linux-gnu/5/../../..] ==> [/usr/lib]
  implicit libs: [stdc++;m;c]
  implicit dirs: [/usr/lib/gcc/x86_64-linux-gnu/5;/usr/lib/x86_64-linux-gnu;/usr/lib;/lib/x86_64-linux-gnu;/lib]
  implicit fwks: []




Detecting CXX [-std=c++14] compiler features compiled with the following output:
Change Dir: /home/max/Dokumente/Computer_Grafik/OpenGLFramework/build /CMakeFiles/CMakeTmp

Run Build Command:"/usr/bin/make" "cmTC_cb2b1/fast"
/usr/bin/make -f CMakeFiles/cmTC_cb2b1.dir/build.make CMakeFiles/cmTC_cb2b1.dir/build
make[1]: Verzeichnis „/home/max/Dokumente/Computer_Grafik/OpenGLFramework/build /CMakeFiles/CMakeTmp“ wird betreten
Building CXX object CMakeFiles/cmTC_cb2b1.dir/feature_tests.cxx.o
/usr/bin/c++     -std=c++14 -o CMakeFiles/cmTC_cb2b1.dir/feature_tests.cxx.o -c "/home/max/Dokumente/Computer_Grafik/OpenGLFramework/build /CMakeFiles/feature_tests.cxx"
Linking CXX executable cmTC_cb2b1
/usr/bin/cmake -E cmake_link_script CMakeFiles/cmTC_cb2b1.dir/link.txt --verbose=1
/usr/bin/c++        CMakeFiles/cmTC_cb2b1.dir/feature_tests.cxx.o  -o cmTC_cb2b1 -rdynamic 
make[1]: Verzeichnis „/home/max/Dokumente/Computer_Grafik/OpenGLFramework/build /CMakeFiles/CMakeTmp“ wird verlassen


    Feature record: CXX_FEATURE:1cxx_aggregate_default_initializers
    Feature record: CXX_FEATURE:1cxx_alias_templates
    Feature record: CXX_FEATURE:1cxx_alignas
    Feature record: CXX_FEATURE:1cxx_alignof
    Feature record: CXX_FEATURE:1cxx_attributes
    Feature record: CXX_FEATURE:1cxx_attribute_deprecated
    Feature record: CXX_FEATURE:1cxx_auto_type
    Feature record: CXX_FEATURE:1cxx_binary_literals
    Feature record: CXX_FEATURE:1cxx_constexpr
    Feature record: CXX_FEATURE:1cxx_contextual_conversions
    Feature record: CXX_FEATURE:1cxx_decltype
    Feature record: CXX_FEATURE:1cxx_decltype_auto
    Feature record: CXX_FEATURE:1cxx_decltype_incomplete_return_types
    Feature record: CXX_FEATURE:1cxx_default_function_template_args
    Feature record: CXX_FEATURE:1cxx_defaulted_functions
    Feature record: CXX_FEATURE:1cxx_defaulted_move_initializers
    Feature record: CXX_FEATURE:1cxx_delegating_constructors
    Feature record: CXX_FEATURE:1cxx_deleted_functions
    Feature record: CXX_FEATURE:1cxx_digit_separators
    Feature record: CXX_FEATURE:1cxx_enum_forward_declarations
    Feature record: CXX_FEATURE:1cxx_explicit_conversions
    Feature record: CXX_FEATURE:1cxx_extended_friend_declarations
    Feature record: CXX_FEATURE:1cxx_extern_templates
    Feature record: CXX_FEATURE:1cxx_final
    Feature record: CXX_FEATURE:1cxx_func_identifier
    Feature record: CXX_FEATURE:1cxx_generalized_initializers
    Feature record: CXX_FEATURE:1cxx_generic_lambdas
    Feature record: CXX_FEATURE:1cxx_inheriting_constructors
    Feature record: CXX_FEATURE:1cxx_inline_namespaces
    Feature record: CXX_FEATURE:1cxx_lambdas
    Feature record: CXX_FEATURE:1cxx_lambda_init_captures
    Feature record: CXX_FEATURE:1cxx_local_type_template_args
    Feature record: CXX_FEATURE:1cxx_long_long_type
    Feature record: CXX_FEATURE:1cxx_noexcept
    Feature record: CXX_FEATURE:1cxx_nonstatic_member_init
    Feature record: CXX_FEATURE:1cxx_nullptr
    Feature record: CXX_FEATURE:1cxx_override
    Feature record: CXX_FEATURE:1cxx_range_for
    Feature record: CXX_FEATURE:1cxx_raw_string_literals
    Feature record: CXX_FEATURE:1cxx_reference_qualified_functions
    Feature record: CXX_FEATURE:1cxx_relaxed_constexpr
    Feature record: CXX_FEATURE:1cxx_return_type_deduction
    Feature record: CXX_FEATURE:1cxx_right_angle_brackets
    Feature record: CXX_FEATURE:1cxx_rvalue_references
    Feature record: CXX_FEATURE:1cxx_sizeof_member
    Feature record: CXX_FEATURE:1cxx_static_assert
    Feature record: CXX_FEATURE:1cxx_strong_enums
    Feature record: CXX_FEATURE:1cxx_template_template_parameters
    Feature record: CXX_FEATURE:1cxx_thread_local
    Feature record: CXX_FEATURE:1cxx_trailing_return_types
    Feature record: CXX_FEATURE:1cxx_unicode_literals
    Feature record: CXX_FEATURE:1cxx_uniform_initialization
    Feature record: CXX_FEATURE:1cxx_unrestricted_unions
    Feature record: CXX_FEATURE:1cxx_user_literals
    Feature record: CXX_FEATURE:1cxx_variable_templates
    Feature record: CXX_FEATURE:1cxx_variadic_macros
    Feature record: CXX_FEATURE:1cxx_variadic_templates


Detecting CXX [-std=c++11] compiler features compiled with the following output:
Change Dir: /home/max/Dokumente/Computer_Grafik/OpenGLFramework/build /CMakeFiles/CMakeTmp

Run Build Command:"/usr/bin/make" "cmTC_87ab7/fast"
/usr/bin/make -f CMakeFiles/cmTC_87ab7.dir/build.make CMakeFiles/cmTC_87ab7.dir/build
make[1]: Verzeichnis „/home/max/Dokumente/Computer_Grafik/OpenGLFramework/build /CMakeFiles/CMakeTmp“ wird betreten
Building CXX object CMakeFiles/cmTC_87ab7.dir/feature_tests.cxx.o
/usr/bin/c++     -std=c++11 -o CMakeFiles/cmTC_87ab7.dir/feature_tests.cxx.o -c "/home/max/Dokumente/Computer_Grafik/OpenGLFramework/build /CMakeFiles/feature_tests.cxx"
Linking CXX executable cmTC_87ab7
/usr/bin/cmake -E cmake_link_script CMakeFiles/cmTC_87ab7.dir/link.txt --verbose=1
/usr/bin/c++        CMakeFiles/cmTC_87ab7.dir/feature_tests.cxx.o  -o cmTC_87ab7 -rdynamic 
make[1]: Verzeichnis „/home/max/Dokumente/Computer_Grafik/OpenGLFramework/build /CMakeFiles/CMakeTmp“ wird verlassen


    Feature record: CXX_FEATURE:0cxx_aggregate_default_initializers
    Feature record: CXX_FEATURE:1cxx_alias_templates
    Feature record: CXX_FEATURE:1cxx_alignas
    Feature record: CXX_FEATURE:1cxx_alignof
    Feature record: CXX_FEATURE:1cxx_attributes
    Feature record: CXX_FEATURE:0cxx_attribute_deprecated
    Feature record: CXX_FEATURE:1cxx_auto_type
    Feature record: CXX_FEATURE:0cxx_binary_literals
    Feature record: CXX_FEATURE:1cxx_constexpr
    Feature record: CXX_FEATURE:0cxx_contextual_conversions
    Feature record: CXX_FEATURE:1cxx_decltype
    Feature record: CXX_FEATURE:0cxx_decltype_auto
    Feature record: CXX_FEATURE:1cxx_decltype_incomplete_return_types
    Feature record: CXX_FEATURE:1cxx_default_function_template_args
    Feature record: CXX_FEATURE:1cxx_defaulted_functions
    Feature record: CXX_FEATURE:1cxx_defaulted_move_initializers
    Feature record: CXX_FEATURE:1cxx_delegating_constructors
    Feature record: CXX_FEATURE:1cxx_deleted_functions
    Feature record: CXX_FEATURE:0cxx_digit_separators
    Feature record: CXX_FEATURE:1cxx_enum_forward_declarations
    Feature record: CXX_FEATURE:1cxx_explicit_conversions
    Feature record: CXX_FEATURE:1cxx_extended_friend_declarations
    Feature record: CXX_FEATURE:1cxx_extern_templates
    Feature record: CXX_FEATURE:1cxx_final
    Feature record: CXX_FEATURE:1cxx_func_identifier
    Feature record: CXX_FEATURE:1cxx_generalized_initializers
    Feature record: CXX_FEATURE:0cxx_generic_lambdas
    Feature record: CXX_FEATURE:1cxx_inheriting_constructors
    Feature record: CXX_FEATURE:1cxx_inline_namespaces
    Feature record: CXX_FEATURE:1cxx_lambdas
    Feature record: CXX_FEATURE:0cxx_lambda_init_captures
    Feature record: CXX_FEATURE:1cxx_local_type_template_args
    Feature record: CXX_FEATURE:1cxx_long_long_type
    Feature record: CXX_FEATURE:1cxx_noexcept
    Feature record: CXX_FEATURE:1cxx_nonstatic_member_init
    Feature record: CXX_FEATURE:1cxx_nullptr
    Feature record: CXX_FEATURE:1cxx_override
    Feature record: CXX_FEATURE:1cxx_range_for
    Feature record: CXX_FEATURE:1cxx_raw_string_literals
    Feature record: CXX_FEATURE:1cxx_reference_qualified_functions
    Feature record: CXX_FEATURE:0cxx_relaxed_constexpr
    Feature record: CXX_FEATURE:0cxx_return_type_deduction
    Feature record: CXX_FEATURE:1cxx_right_angle_brackets
    Feature record: CXX_FEATURE:1cxx_rvalue_references
    Feature record: CXX_FEATURE:1cxx_sizeof_member
    Feature record: CXX_FEATURE:1cxx_static_assert
    Feature record: CXX_FEATURE:1cxx_strong_enums
    Feature record: CXX_FEATURE:1cxx_template_template_parameters
    Feature record: CXX_FEATURE:1cxx_thread_local
    Feature record: CXX_FEATURE:1cxx_trailing_return_types
    Feature record: CXX_FEATURE:1cxx_unicode_literals
    Feature record: CXX_FEATURE:1cxx_uniform_initialization
    Feature record: CXX_FEATURE:1cxx_unrestricted_unions
    Feature record: CXX_FEATURE:1cxx_user_literals
    Feature record: CXX_FEATURE:0cxx_variable_templates
    Feature record: CXX_FEATURE:1cxx_variadic_macros
    Feature record: CXX_FEATURE:1cxx_variadic_templates


Detecting CXX [-std=c++98] compiler features compiled with the following output:
Change Dir: /home/max/Dokumente/Computer_Grafik/OpenGLFramework/build /CMakeFiles/CMakeTmp

Run Build Command:"/usr/bin/make" "cmTC_0e61a/fast"
/usr/bin/make -f CMakeFiles/cmTC_0e61a.dir/build.make CMakeFiles/cmTC_0e61a.dir/build
make[1]: Verzeichnis „/home/max/Dokumente/Computer_Grafik/OpenGLFramework/build /CMakeFiles/CMakeTmp“ wird betreten
Building CXX object CMakeFiles/cmTC_0e61a.dir/feature_tests.cxx.o
/usr/bin/c++     -std=c++98 -o CMakeFiles/cmTC_0e61a.dir/feature_tests.cxx.o -c "/home/max/Dokumente/Computer_Grafik/OpenGLFramework/build /CMakeFiles/feature_tests.cxx"
Linking CXX executable cmTC_0e61a
/usr/bin/cmake -E cmake_link_script CMakeFiles/cmTC_0e61a.dir/link.txt --verbose=1
/usr/bin/c++        CMakeFiles/cmTC_0e61a.dir/feature_tests.cxx.o  -o cmTC_0e61a -rdynamic 
make[1]: Verzeichnis „/home/max/Dokumente/Computer_Grafik/OpenGLFramework/build /CMakeFiles/CMakeTmp“ wird verlassen


    Feature record: CXX_FEATURE:0cxx_aggregate_default_initializers
    Feature record: CXX_FEATURE:0cxx_alias_templates
    Feature record: CXX_FEATURE:0cxx_alignas
    Feature record: CXX_FEATURE:0cxx_alignof
    Feature record: CXX_FEATURE:0cxx_attributes
    Feature record: CXX_FEATURE:0cxx_attribute_deprecated
    Feature record: CXX_FEATURE:0cxx_auto_type
    Feature record: CXX_FEATURE:0cxx_binary_literals
    Feature record: CXX_FEATURE:0cxx_constexpr
    Feature record: CXX_FEATURE:0cxx_contextual_conversions
    Feature record: CXX_FEATURE:0cxx_decltype
    Feature record: CXX_FEATURE:0cxx_decltype_auto
    Feature record: CXX_FEATURE:0cxx_decltype_incomplete_return_types
    Feature record: CXX_FEATURE:0cxx_default_function_template_args
    Feature record: CXX_FEATURE:0cxx_defaulted_functions
    Feature record: CXX_FEATURE:0cxx_defaulted_move_initializers
    Feature record: CXX_FEATURE:0cxx_delegating_constructors
    Feature record: CXX_FEATURE:0cxx_deleted_functions
    Feature record: CXX_FEATURE:0cxx_digit_separators
    Feature record: CXX_FEATURE:0cxx_enum_forward_declarations
    Feature record: CXX_FEATURE:0cxx_explicit_conversions
    Feature record: CXX_FEATURE:0cxx_extended_friend_declarations
    Feature record: CXX_FEATURE:0cxx_extern_templates
    Feature record: CXX_FEATURE:0cxx_final
    Feature record: CXX_FEATURE:0cxx_func_identifier
    Feature record: CXX_FEATURE:0cxx_generalized_initializers
    Feature record: CXX_FEATURE:0cxx_generic_lambdas
    Feature record: CXX_FEATURE:0cxx_inheriting_constructors
    Feature record: CXX_FEATURE:0cxx_inline_namespaces
    Feature record: CXX_FEATURE:0cxx_lambdas
    Feature record: CXX_FEATURE:0cxx_lambda_init_captures
    Feature record: CXX_FEATURE:0cxx_local_type_template_args
    Feature record: CXX_FEATURE:0cxx_long_long_type
    Feature record: CXX_FEATURE:0cxx_noexcept
    Feature record: CXX_FEATURE:0cxx_nonstatic_member_init
    Feature record: CXX_FEATURE:0cxx_nullptr
    Feature record: CXX_FEATURE:0cxx_override
    Feature record: CXX_FEATURE:0cxx_range_for
    Feature record: CXX_FEATURE:0cxx_raw_string_literals
    Feature record: CXX_FEATURE:0cxx_reference_qualified_functions
    Feature record: CXX_FEATURE:0cxx_relaxed_constexpr
    Feature record: CXX_FEATURE:0cxx_return_type_deduction
    Feature record: CXX_FEATURE:0cxx_right_angle_brackets
    Feature record: CXX_FEATURE:0cxx_rvalue_references
    Feature record: CXX_FEATURE:0cxx_sizeof_member
    Feature record: CXX_FEATURE:0cxx_static_assert
    Feature record: CXX_FEATURE:0cxx_strong_enums
    Feature record: CXX_FEATURE:1cxx_template_template_parameters
    Feature record: CXX_FEATURE:0cxx_thread_local
    Feature record: CXX_FEATURE:0cxx_trailing_return_types
    Feature record: CXX_FEATURE:0cxx_unicode_literals
    Feature record: CXX_FEATURE:0cxx_uniform_initialization
    Feature record: CXX_FEATURE:0cxx_unrestricted_unions
    Feature record: CXX_FEATURE:0cxx_user_literals
    Feature record: CXX_FEATURE:0cxx_variable_templates
    Feature record: CXX_FEATURE:0cxx_variadic_macros
    Feature record: CXX_FEATURE:0cxx_variadic_templates
Determining if the include file pthread.h exists passed with the following output:
Change Dir: /home/max/Dokumente/Computer_Grafik/OpenGLFramework/build /CMakeFiles/CMakeTmp

Run Build Command:"/usr/bin/make" "cmTC_ccc50/fast"
/usr/bin/make -f CMakeFiles/cmTC_ccc50.dir/build.make CMakeFiles/cmTC_ccc50.dir/build
make[1]: Verzeichnis „/home/max/Dokumente/Computer_Grafik/OpenGLFramework/build /CMakeFiles/CMakeTmp“ wird betreten
Building C object CMakeFiles/cmTC_ccc50.dir/CheckIncludeFile.c.o
/usr/bin/cc     -o CMakeFiles/cmTC_ccc50.dir/CheckIncludeFile.c.o   -c "/home/max/Dokumente/Computer_Grafik/OpenGLFramework/build /CMakeFiles/CMakeTmp/CheckIncludeFile.c"
Linking C executable cmTC_ccc50
/usr/bin/cmake -E cmake_link_script CMakeFiles/cmTC_ccc50.dir/link.txt --verbose=1
/usr/bin/cc       CMakeFiles/cmTC_ccc50.dir/CheckIncludeFile.c.o  -o cmTC_ccc50 -rdynamic 
make[1]: Verzeichnis „/home/max/Dokumente/Computer_Grafik/OpenGLFramework/build /CMakeFiles/CMakeTmp“ wird verlassen


Determining if the function pthread_create exists in the pthread passed with the following output:
Change Dir: /home/max/Dokumente/Computer_Grafik/OpenGLFramework/build /CMakeFiles/CMakeTmp

Run Build Command:"/usr/bin/make" "cmTC_0e5cb/fast"
/usr/bin/make -f CMakeFiles/cmTC_0e5cb.dir/build.make CMakeFiles/cmTC_0e5cb.dir/build
make[1]: Verzeichnis „/home/max/Dokumente/Computer_Grafik/OpenGLFramework/build /CMakeFiles/CMakeTmp“ wird betreten
Building C object CMakeFiles/cmTC_0e5cb.dir/CheckFunctionExists.c.o
/usr/bin/cc    -DCHECK_FUNCTION_EXISTS=pthread_create   -o CMakeFiles/cmTC_0e5cb.dir/CheckFunctionExists.c.o   -c /usr/share/cmake-3.5/Modules/CheckFunctionExists.c
Linking C executable cmTC_0e5cb
/usr/bin/cmake -E cmake_link_script CMakeFiles/cmTC_0e5cb.dir/link.txt --verbose=1
/usr/bin/cc   -DCHECK_FUNCTION_EXISTS=pthread_create    CMakeFiles/cmTC_0e5cb.dir/CheckFunctionExists.c.o  -o cmTC_0e5cb -rdynamic -lpthread 
make[1]: Verzeichnis „/home/max/Dokumente/Computer_Grafik/OpenGLFramework/build /CMakeFiles/CMakeTmp“ wird verlassen


Determining if the function XOpenDisplay exists in the /usr/lib/x86_64-linux-gnu/libX11.so;/usr/lib/x86_64-linux-gnu/libXext.so passed with the following output:
Change Dir: /home/max/Dokumente/Computer_Grafik/OpenGLFramework/build /CMakeFiles/CMakeTmp

Run Build Command:"/usr/bin/make" "cmTC_47f14/fast"
/usr/bin/make -f CMakeFiles/cmTC_47f14.dir/build.make CMakeFiles/cmTC_47f14.dir/build
make[1]: Verzeichnis „/home/max/Dokumente/Computer_Grafik/OpenGLFramework/build /CMakeFiles/CMakeTmp“ wird betreten
Building C object CMakeFiles/cmTC_47f14.dir/CheckFunctionExists.c.o
/usr/bin/cc    -DCHECK_FUNCTION_EXISTS=XOpenDisplay   -o CMakeFiles/cmTC_47f14.dir/CheckFunctionExists.c.o   -c /usr/share/cmake-3.5/Modules/CheckFunctionExists.c
Linking C executable cmTC_47f14
/usr/bin/cmake -E cmake_link_script CMakeFiles/cmTC_47f14.dir/link.txt --verbose=1
/usr/bin/cc   -DCHECK_FUNCTION_EXISTS=XOpenDisplay    CMakeFiles/cmTC_47f14.dir/CheckFunctionExists.c.o  -o cmTC_47f14 -rdynamic /usr/lib/x86_64-linux-gnu/libX11.so /usr/lib/x86_64-linux-gnu/libXext.so 
make[1]: Verzeichnis „/home/max/Dokumente/Computer_Grafik/OpenGLFramework/build /CMakeFiles/CMakeTmp“ wird verlassen


Determining if the function gethostbyname exists passed with the following output:
Change Dir: /home/max/Dokumente/Computer_Grafik/OpenGLFramework/build /CMakeFiles/CMakeTmp

Run Build Command:"/usr/bin/make" "cmTC_dad87/fast"
/usr/bin/make -f CMakeFiles/cmTC_dad87.dir/build.make CMakeFiles/cmTC_dad87.dir/build
make[1]: Verzeichnis „/home/max/Dokumente/Computer_Grafik/OpenGLFramework/build /CMakeFiles/CMakeTmp“ wird betreten
Building C object CMakeFiles/cmTC_dad87.dir/CheckFunctionExists.c.o
/usr/bin/cc    -DCHECK_FUNCTION_EXISTS=gethostbyname   -o CMakeFiles/cmTC_dad87.dir/CheckFunctionExists.c.o   -c /usr/share/cmake-3.5/Modules/CheckFunctionExists.c
Linking C executable cmTC_dad87
/usr/bin/cmake -E cmake_link_script CMakeFiles/cmTC_dad87.dir/link.txt --verbose=1
/usr/bin/cc   -DCHECK_FUNCTION_EXISTS=gethostbyname    CMakeFiles/cmTC_dad87.dir/CheckFunctionExists.c.o  -o cmTC_dad87 -rdynamic 
make[1]: Verzeichnis „/home/max/Dokumente/Computer_Grafik/OpenGLFramework/build /CMakeFiles/CMakeTmp“ wird verlassen


Determining if the function connect exists passed with the following output:
Change Dir: /home/max/Dokumente/Computer_Grafik/OpenGLFramework/build /CMakeFiles/CMakeTmp

Run Build Command:"/usr/bin/make" "cmTC_cdda9/fast"
/usr/bin/make -f CMakeFiles/cmTC_cdda9.dir/build.make CMakeFiles/cmTC_cdda9.dir/build
make[1]: Verzeichnis „/home/max/Dokumente/Computer_Grafik/OpenGLFramework/build /CMakeFiles/CMakeTmp“ wird betreten
Building C object CMakeFiles/cmTC_cdda9.dir/CheckFunctionExists.c.o
/usr/bin/cc    -DCHECK_FUNCTION_EXISTS=connect   -o CMakeFiles/cmTC_cdda9.dir/CheckFunctionExists.c.o   -c /usr/share/cmake-3.5/Modules/CheckFunctionExists.c
Linking C executable cmTC_cdda9
/usr/bin/cmake -E cmake_link_script CMakeFiles/cmTC_cdda9.dir/link.txt --verbose=1
/usr/bin/cc   -DCHECK_FUNCTION_EXISTS=connect    CMakeFiles/cmTC_cdda9.dir/CheckFunctionExists.c.o  -o cmTC_cdda9 -rdynamic 
make[1]: Verzeichnis „/home/max/Dokumente/Computer_Grafik/OpenGLFramework/build /CMakeFiles/CMakeTmp“ wird verlassen


Determining if the function remove exists passed with the following output:
Change Dir: /home/max/Dokumente/Computer_Grafik/OpenGLFramework/build /CMakeFiles/CMakeTmp

Run Build Command:"/usr/bin/make" "cmTC_fc338/fast"
/usr/bin/make -f CMakeFiles/cmTC_fc338.dir/build.make CMakeFiles/cmTC_fc338.dir/build
make[1]: Verzeichnis „/home/max/Dokumente/Computer_Grafik/OpenGLFramework/build /CMakeFiles/CMakeTmp“ wird betreten
Building C object CMakeFiles/cmTC_fc338.dir/CheckFunctionExists.c.o
/usr/bin/cc    -DCHECK_FUNCTION_EXISTS=remove   -o CMakeFiles/cmTC_fc338.dir/CheckFunctionExists.c.o   -c /usr/share/cmake-3.5/Modules/CheckFunctionExists.c
Linking C executable cmTC_fc338
/usr/bin/cmake -E cmake_link_script CMakeFiles/cmTC_fc338.dir/link.txt --verbose=1
/usr/bin/cc   -DCHECK_FUNCTION_EXISTS=remove    CMakeFiles/cmTC_fc338.dir/CheckFunctionExists.c.o  -o cmTC_fc338 -rdynamic 
make[1]: Verzeichnis „/home/max/Dokumente/Computer_Grafik/OpenGLFramework/build /CMakeFiles/CMakeTmp“ wird verlassen


Determining if the function shmat exists passed with the following output:
Change Dir: /home/max/Dokumente/Computer_Grafik/OpenGLFramework/build /CMakeFiles/CMakeTmp

Run Build Command:"/usr/bin/make" "cmTC_e9167/fast"
/usr/bin/make -f CMakeFiles/cmTC_e9167.dir/build.make CMakeFiles/cmTC_e9167.dir/build
make[1]: Verzeichnis „/home/max/Dokumente/Computer_Grafik/OpenGLFramework/build /CMakeFiles/CMakeTmp“ wird betreten
Building C object CMakeFiles/cmTC_e9167.dir/CheckFunctionExists.c.o
/usr/bin/cc    -DCHECK_FUNCTION_EXISTS=shmat   -o CMakeFiles/cmTC_e9167.dir/CheckFunctionExists.c.o   -c /usr/share/cmake-3.5/Modules/CheckFunctionExists.c
Linking C executable cmTC_e9167
/usr/bin/cmake -E cmake_link_script CMakeFiles/cmTC_e9167.dir/link.txt --verbose=1
/usr/bin/cc   -DCHECK_FUNCTION_EXISTS=shmat    CMakeFiles/cmTC_e9167.dir/CheckFunctionExists.c.o  -o cmTC_e9167 -rdynamic 
make[1]: Verzeichnis „/home/max/Dokumente/Computer_Grafik/OpenGLFramework/build /CMakeFiles/CMakeTmp“ wird verlassen


Determining if the function IceConnectionNumber exists in the ICE passed with the following output:
Change Dir: /home/max/Dokumente/Computer_Grafik/OpenGLFramework/build /CMakeFiles/CMakeTmp

Run Build Command:"/usr/bin/make" "cmTC_fbc0f/fast"
/usr/bin/make -f CMakeFiles/cmTC_fbc0f.dir/build.make CMakeFiles/cmTC_fbc0f.dir/build
make[1]: Verzeichnis „/home/max/Dokumente/Computer_Grafik/OpenGLFramework/build /CMakeFiles/CMakeTmp“ wird betreten
Building C object CMakeFiles/cmTC_fbc0f.dir/CheckFunctionExists.c.o
/usr/bin/cc    -DCHECK_FUNCTION_EXISTS=IceConnectionNumber   -o CMakeFiles/cmTC_fbc0f.dir/CheckFunctionExists.c.o   -c /usr/share/cmake-3.5/Modules/CheckFunctionExists.c
Linking C executable cmTC_fbc0f
/usr/bin/cmake -E cmake_link_script CMakeFiles/cmTC_fbc0f.dir/link.txt --verbose=1
/usr/bin/cc   -DCHECK_FUNCTION_EXISTS=IceConnectionNumber    CMakeFiles/cmTC_fbc0f.dir/CheckFunctionExists.c.o  -o cmTC_fbc0f -rdynamic -lICE 
make[1]: Verzeichnis „/home/max/Dokumente/Computer_Grafik/OpenGLFramework/build /CMakeFiles/CMakeTmp“ wird verlassen


Determining if the function glXGetProcAddress exists passed with the following output:
Change Dir: /home/max/Dokumente/Computer_Grafik/OpenGLFramework/build /CMakeFiles/CMakeTmp

Run Build Command:"/usr/bin/make" "cmTC_b45e6/fast"
/usr/bin/make -f CMakeFiles/cmTC_b45e6.dir/build.make CMakeFiles/cmTC_b45e6.dir/build
make[1]: Verzeichnis „/home/max/Dokumente/Computer_Grafik/OpenGLFramework/build /CMakeFiles/CMakeTmp“ wird betreten
Building C object CMakeFiles/cmTC_b45e6.dir/CheckFunctionExists.c.o
/usr/bin/cc    -DCHECK_FUNCTION_EXISTS=glXGetProcAddress   -o CMakeFiles/cmTC_b45e6.dir/CheckFunctionExists.c.o   -c /usr/share/cmake-3.5/Modules/CheckFunctionExists.c
Linking C executable cmTC_b45e6
/usr/bin/cmake -E cmake_link_script CMakeFiles/cmTC_b45e6.dir/link.txt --verbose=1
/usr/bin/cc   -DCHECK_FUNCTION_EXISTS=glXGetProcAddress    CMakeFiles/cmTC_b45e6.dir/CheckFunctionExists.c.o  -o cmTC_b45e6 -rdynamic /usr/lib/x86_64-linux-gnu/libGL.so 
make[1]: Verzeichnis „/home/max/Dokumente/Computer_Grafik/OpenGLFramework/build /CMakeFiles/CMakeTmp“ wird verlassen


Determining if the function glXGetProcAddressARB exists passed with the following output:
Change Dir: /home/max/Dokumente/Computer_Grafik/OpenGLFramework/build /CMakeFiles/CMakeTmp

Run Build Command:"/usr/bin/make" "cmTC_69be0/fast"
/usr/bin/make -f CMakeFiles/cmTC_69be0.dir/build.make CMakeFiles/cmTC_69be0.dir/build
make[1]: Verzeichnis „/home/max/Dokumente/Computer_Grafik/OpenGLFramework/build /CMakeFiles/CMakeTmp“ wird betreten
Building C object CMakeFiles/cmTC_69be0.dir/CheckFunctionExists.c.o
/usr/bin/cc    -DCHECK_FUNCTION_EXISTS=glXGetProcAddressARB   -o CMakeFiles/cmTC_69be0.dir/CheckFunctionExists.c.o   -c /usr/share/cmake-3.5/Modules/CheckFunctionExists.c
Linking C executable cmTC_69be0
/usr/bin/cmake -E cmake_link_script CMakeFiles/cmTC_69be0.dir/link.txt --verbose=1
/usr/bin/cc   -DCHECK_FUNCTION_EXISTS=glXGetProcAddressARB    CMakeFiles/cmTC_69be0.dir/CheckFunctionExists.c.o  -o cmTC_69be0 -rdynamic /usr/lib/x86_64-linux-gnu/libGL.so 
make[1]: Verzeichnis „/home/max/Dokumente/Computer_Grafik/OpenGLFramework/build /CMakeFiles/CMakeTmp“ wird verlassen


Performing C++ SOURCE FILE Test COMPILER_HAS_HIDDEN_VISIBILITY succeeded with the following output:
Change Dir: /home/max/Dokumente/Computer_Grafik/OpenGLFramework/build /CMakeFiles/CMakeTmp

Run Build Command:"/usr/bin/make" "cmTC_3925d/fast"
/usr/bin/make -f CMakeFiles/cmTC_3925d.dir/build.make CMakeFiles/cmTC_3925d.dir/build
make[1]: Entering directory '/home/max/Dokumente/Computer_Grafik/OpenGLFramework/build /CMakeFiles/CMakeTmp'
Building CXX object CMakeFiles/cmTC_3925d.dir/src.cxx.o
/usr/bin/c++     -DCOMPILER_HAS_HIDDEN_VISIBILITY   -fvisibility=hidden -o CMakeFiles/cmTC_3925d.dir/src.cxx.o -c "/home/max/Dokumente/Computer_Grafik/OpenGLFramework/build /CMakeFiles/CMakeTmp/src.cxx"
Linking CXX executable cmTC_3925d
/usr/bin/cmake -E cmake_link_script CMakeFiles/cmTC_3925d.dir/link.txt --verbose=1
/usr/bin/c++    -DCOMPILER_HAS_HIDDEN_VISIBILITY    CMakeFiles/cmTC_3925d.dir/src.cxx.o  -o cmTC_3925d -rdynamic 
make[1]: Leaving directory '/home/max/Dokumente/Computer_Grafik/OpenGLFramework/build /CMakeFiles/CMakeTmp'

Source file was:
int main() { return 0; }
Performing C++ SOURCE FILE Test COMPILER_HAS_HIDDEN_INLINE_VISIBILITY succeeded with the following output:
Change Dir: /home/max/Dokumente/Computer_Grafik/OpenGLFramework/build /CMakeFiles/CMakeTmp

Run Build Command:"/usr/bin/make" "cmTC_3ee59/fast"
/usr/bin/make -f CMakeFiles/cmTC_3ee59.dir/build.make CMakeFiles/cmTC_3ee59.dir/build
make[1]: Entering directory '/home/max/Dokumente/Computer_Grafik/OpenGLFramework/build /CMakeFiles/CMakeTmp'
Building CXX object CMakeFiles/cmTC_3ee59.dir/src.cxx.o
/usr/bin/c++     -DCOMPILER_HAS_HIDDEN_INLINE_VISIBILITY   -fvisibility-inlines-hidden -o CMakeFiles/cmTC_3ee59.dir/src.cxx.o -c "/home/max/Dokumente/Computer_Grafik/OpenGLFramework/build /CMakeFiles/CMakeTmp/src.cxx"
Linking CXX executable cmTC_3ee59
/usr/bin/cmake -E cmake_link_script CMakeFiles/cmTC_3ee59.dir/link.txt --verbose=1
/usr/bin/c++    -DCOMPILER_HAS_HIDDEN_INLINE_VISIBILITY    CMakeFiles/cmTC_3ee59.dir/src.cxx.o  -o cmTC_3ee59 -rdynamic 
make[1]: Leaving directory '/home/max/Dokumente/Computer_Grafik/OpenGLFramework/build /CMakeFiles/CMakeTmp'

Source file was:
int main() { return 0; }
Performing C++ SOURCE FILE Test COMPILER_HAS_DEPRECATED_ATTR succeeded with the following output:
Change Dir: /home/max/Dokumente/Computer_Grafik/OpenGLFramework/build /CMakeFiles/CMakeTmp

Run Build Command:"/usr/bin/make" "cmTC_9befb/fast"
/usr/bin/make -f CMakeFiles/cmTC_9befb.dir/build.make CMakeFiles/cmTC_9befb.dir/build
make[1]: Verzeichnis „/home/max/Dokumente/Computer_Grafik/OpenGLFramework/build /CMakeFiles/CMakeTmp“ wird betreten
Building CXX object CMakeFiles/cmTC_9befb.dir/src.cxx.o
/usr/bin/c++     -DCOMPILER_HAS_DEPRECATED_ATTR   -o CMakeFiles/cmTC_9befb.dir/src.cxx.o -c "/home/max/Dokumente/Computer_Grafik/OpenGLFramework/build /CMakeFiles/CMakeTmp/src.cxx"
/home/max/Dokumente/Computer_Grafik/OpenGLFramework/build /CMakeFiles/CMakeTmp/src.cxx: In function ‘int main()’:
/home/max/Dokumente/Computer_Grafik/OpenGLFramework/build /CMakeFiles/CMakeTmp/src.cxx:2:25: warning: ‘int somefunc()’ is deprecated [-Wdeprecated-declarations]
     int main() { return somefunc();}
                         ^
/home/max/Dokumente/Computer_Grafik/OpenGLFramework/build /CMakeFiles/CMakeTmp/src.cxx:1:37: note: declared here
 __attribute__((__deprecated__)) int somefunc() { return 0; }
                                     ^
/home/max/Dokumente/Computer_Grafik/OpenGLFramework/build /CMakeFiles/CMakeTmp/src.cxx:2:25: warning: ‘int somefunc()’ is deprecated [-Wdeprecated-declarations]
     int main() { return somefunc();}
                         ^
/home/max/Dokumente/Computer_Grafik/OpenGLFramework/build /CMakeFiles/CMakeTmp/src.cxx:1:37: note: declared here
 __attribute__((__deprecated__)) int somefunc() { return 0; }
                                     ^
/home/max/Dokumente/Computer_Grafik/OpenGLFramework/build /CMakeFiles/CMakeTmp/src.cxx:2:34: warning: ‘int somefunc()’ is deprecated [-Wdeprecated-declarations]
     int main() { return somefunc();}
                                  ^
/home/max/Dokumente/Computer_Grafik/OpenGLFramework/build /CMakeFiles/CMakeTmp/src.cxx:1:37: note: declared here
 __attribute__((__deprecated__)) int somefunc() { return 0; }
                                     ^
Linking CXX executable cmTC_9befb
/usr/bin/cmake -E cmake_link_script CMakeFiles/cmTC_9befb.dir/link.txt --verbose=1
/usr/bin/c++    -DCOMPILER_HAS_DEPRECATED_ATTR    CMakeFiles/cmTC_9befb.dir/src.cxx.o  -o cmTC_9befb -rdynamic 
make[1]: Verzeichnis „/home/max/Dokumente/Computer_Grafik/OpenGLFramework/build /CMakeFiles/CMakeTmp“ wird verlassen

Source file was:
__attribute__((__deprecated__)) int somefunc() { return 0; }
    int main() { return somefunc();}
