Determining if the pthread_create exist failed with the following output:
Change Dir: /home/max/Dokumente/Computer_Grafik/OpenGLFramework/build /CMakeFiles/CMakeTmp

Run Build Command:"/usr/bin/make" "cmTC_482fb/fast"
/usr/bin/make -f CMakeFiles/cmTC_482fb.dir/build.make CMakeFiles/cmTC_482fb.dir/build
make[1]: Verzeichnis „/home/max/Dokumente/Computer_Grafik/OpenGLFramework/build /CMakeFiles/CMakeTmp“ wird betreten
Building C object CMakeFiles/cmTC_482fb.dir/CheckSymbolExists.c.o
/usr/bin/cc     -o CMakeFiles/cmTC_482fb.dir/CheckSymbolExists.c.o   -c "/home/max/Dokumente/Computer_Grafik/OpenGLFramework/build /CMakeFiles/CMakeTmp/CheckSymbolExists.c"
Linking C executable cmTC_482fb
/usr/bin/cmake -E cmake_link_script CMakeFiles/cmTC_482fb.dir/link.txt --verbose=1
/usr/bin/cc       CMakeFiles/cmTC_482fb.dir/CheckSymbolExists.c.o  -o cmTC_482fb -rdynamic 
CMakeFiles/cmTC_482fb.dir/CheckSymbolExists.c.o: In Funktion `main':
CheckSymbolExists.c:(.text+0x16): Nicht definierter Verweis auf `pthread_create'
collect2: error: ld returned 1 exit status
CMakeFiles/cmTC_482fb.dir/build.make:97: die Regel für Ziel „cmTC_482fb“ scheiterte
make[1]: *** [cmTC_482fb] Fehler 1
make[1]: Verzeichnis „/home/max/Dokumente/Computer_Grafik/OpenGLFramework/build /CMakeFiles/CMakeTmp“ wird verlassen
Makefile:126: die Regel für Ziel „cmTC_482fb/fast“ scheiterte
make: *** [cmTC_482fb/fast] Fehler 2

File /home/max/Dokumente/Computer_Grafik/OpenGLFramework/build /CMakeFiles/CMakeTmp/CheckSymbolExists.c:
/* */
#include <pthread.h>

int main(int argc, char** argv)
{
  (void)argv;
#ifndef pthread_create
  return ((int*)(&pthread_create))[argc];
#else
  (void)argc;
  return 0;
#endif
}

Determining if the function pthread_create exists in the pthreads failed with the following output:
Change Dir: /home/max/Dokumente/Computer_Grafik/OpenGLFramework/build /CMakeFiles/CMakeTmp

Run Build Command:"/usr/bin/make" "cmTC_05e4e/fast"
/usr/bin/make -f CMakeFiles/cmTC_05e4e.dir/build.make CMakeFiles/cmTC_05e4e.dir/build
make[1]: Verzeichnis „/home/max/Dokumente/Computer_Grafik/OpenGLFramework/build /CMakeFiles/CMakeTmp“ wird betreten
Building C object CMakeFiles/cmTC_05e4e.dir/CheckFunctionExists.c.o
/usr/bin/cc    -DCHECK_FUNCTION_EXISTS=pthread_create   -o CMakeFiles/cmTC_05e4e.dir/CheckFunctionExists.c.o   -c /usr/share/cmake-3.5/Modules/CheckFunctionExists.c
Linking C executable cmTC_05e4e
/usr/bin/cmake -E cmake_link_script CMakeFiles/cmTC_05e4e.dir/link.txt --verbose=1
/usr/bin/cc   -DCHECK_FUNCTION_EXISTS=pthread_create    CMakeFiles/cmTC_05e4e.dir/CheckFunctionExists.c.o  -o cmTC_05e4e -rdynamic -lpthreads 
/usr/bin/ld: cannot find -lpthreads
collect2: error: ld returned 1 exit status
CMakeFiles/cmTC_05e4e.dir/build.make:97: die Regel für Ziel „cmTC_05e4e“ scheiterte
make[1]: *** [cmTC_05e4e] Fehler 1
make[1]: Verzeichnis „/home/max/Dokumente/Computer_Grafik/OpenGLFramework/build /CMakeFiles/CMakeTmp“ wird verlassen
Makefile:126: die Regel für Ziel „cmTC_05e4e/fast“ scheiterte
make: *** [cmTC_05e4e/fast] Fehler 2


Determining if the function glXGetProcAddressEXT exists failed with the following output:
Change Dir: /home/max/Dokumente/Computer_Grafik/OpenGLFramework/build /CMakeFiles/CMakeTmp

Run Build Command:"/usr/bin/make" "cmTC_a63d8/fast"
/usr/bin/make -f CMakeFiles/cmTC_a63d8.dir/build.make CMakeFiles/cmTC_a63d8.dir/build
make[1]: Verzeichnis „/home/max/Dokumente/Computer_Grafik/OpenGLFramework/build /CMakeFiles/CMakeTmp“ wird betreten
Building C object CMakeFiles/cmTC_a63d8.dir/CheckFunctionExists.c.o
/usr/bin/cc    -DCHECK_FUNCTION_EXISTS=glXGetProcAddressEXT   -o CMakeFiles/cmTC_a63d8.dir/CheckFunctionExists.c.o   -c /usr/share/cmake-3.5/Modules/CheckFunctionExists.c
Linking C executable cmTC_a63d8
/usr/bin/cmake -E cmake_link_script CMakeFiles/cmTC_a63d8.dir/link.txt --verbose=1
/usr/bin/cc   -DCHECK_FUNCTION_EXISTS=glXGetProcAddressEXT    CMakeFiles/cmTC_a63d8.dir/CheckFunctionExists.c.o  -o cmTC_a63d8 -rdynamic /usr/lib/x86_64-linux-gnu/libGL.so 
CMakeFiles/cmTC_a63d8.dir/CheckFunctionExists.c.o: In Funktion `main':
CheckFunctionExists.c:(.text+0x15): Nicht definierter Verweis auf `glXGetProcAddressEXT'
collect2: error: ld returned 1 exit status
CMakeFiles/cmTC_a63d8.dir/build.make:98: die Regel für Ziel „cmTC_a63d8“ scheiterte
make[1]: *** [cmTC_a63d8] Fehler 1
make[1]: Verzeichnis „/home/max/Dokumente/Computer_Grafik/OpenGLFramework/build /CMakeFiles/CMakeTmp“ wird verlassen
Makefile:126: die Regel für Ziel „cmTC_a63d8/fast“ scheiterte
make: *** [cmTC_a63d8/fast] Fehler 2


